* using log directory 'E:/Github/mathmodels/..Rcheck'
* using R version 4.6.0 (2026-04-24 ucrt)
* using platform: x86_64-w64-mingw32
* R was compiled by
    gcc.exe (GCC) 14.3.0
    GNU Fortran (GCC) 14.3.0
* running under: Windows 11 x64 (build 26100)
* using session charset: UTF-8
* current time: 2026-06-24 20:11:32 UTC
* using options '--no-tests --no-manual --no-vignettes'
* checking for file './DESCRIPTION' ... OK
* checking extension type ... Package
* this is package 'mathmodels' version '0.0.7'
* package encoding: UTF-8
* checking package namespace information ... OK
* checking package dependencies ... OK
* checking if this is a source package ... OK
* checking if there is a namespace ... OK
* checking for executable files ... OK
* checking for hidden files and directories ... NOTE
Found the following hidden files and directories:
  .Rhistory
  .gitignore
  vignettes/.gitignore
  ..Rcheck
  .Rproj.user
  .git
  .github
  vignettes/.quarto
These were most likely included in error. See section 'Package
structure' in the 'Writing R Extensions' manual.
* checking for portable file names ... NOTE
Found the following non-portable file paths:
  mathmodels/docs/articles/welcome_files/libs/bootstrap/bootstrap-1bc8a17f135ab3d594c857e9f48e611b.min.css
  mathmodels/docs/articles/welcome_files/libs/bootstrap/bootstrap-efbb37e9afcc02144ebbc7afd12a776f.min.css
  mathmodels/docs/articles/welcome_files/libs/quarto-html/quarto-syntax-highlighting-2f5df379a58b258e96c21c0638c20c03.css
  mathmodels/docs/articles/welcome_files/libs/quarto-html/quarto-syntax-highlighting-845c23b38eaddc0f92fda52bfe77a8c8.css
  mathmodels/vignettes/welcome_files/libs/quarto-html/quarto-syntax-highlighting-7f8f88aac4f3542376d5c11b86a4c14d.css

Tarballs are only required to store paths of up to 100 bytes and cannot
store those of more than 256 bytes, with restrictions including to 100
bytes for the final component.
See section 'Package structure' in the 'Writing R Extensions' manual.
* checking whether package 'mathmodels' can be installed ... OK
* checking installed package size ... OK
* checking package directory ... OK
* checking DESCRIPTION meta-information ... NOTE
Checking should be performed on sources prepared by 'R CMD build'.
* checking top-level files ... OK
* checking for left-over files ... OK
* checking index information ... OK
* checking package subdirectories ... WARNING
Found the following directory with the name of a check directory:
  ./..Rcheck
Most likely, these were included erroneously.
Subdirectory 'inst' contains no files.
* checking code files for non-ASCII characters ... OK
* checking R files for syntax errors ... OK
* checking whether the package can be loaded ... OK
* checking whether the package can be loaded with stated dependencies ... OK
* checking whether the package can be unloaded cleanly ... OK
* checking whether the namespace can be loaded with stated dependencies ... OK
* checking whether the namespace can be unloaded cleanly ... OK
* checking loading without being on the library search path ... OK
* checking dependencies in R code ... OK
* checking S3 generic/method consistency ... OK
* checking replacement functions ... OK
* checking foreign function calls ... OK
* checking R code for possible problems ... NOTE
EG: no visible binding for global variable 'x'
EG: no visible binding for global variable 's'
LQ: no visible global function definition for ':='
plot_compartment: no visible binding for global variable 'time'
plot_compartment: no visible binding for global variable 'value'
plot_compartment: no visible binding for global variable 'compartment'
plot_infection_rate: no visible binding for global variable 'time'
plot_infection_rate: no visible binding for global variable 'value'
plot_infection_rate: no visible binding for global variable 'y_lead'
plot_infection_rate: no visible binding for global variable 'y_lag'
plot_infection_rate: no visible binding for global variable 't_lead'
plot_infection_rate: no visible binding for global variable 't_lag'
plot_infection_rate: no visible binding for global variable 'variable'
plot_infection_rate: no visible binding for global variable 'rate'
plot_infection_rate: no visible binding for global variable 'label'
plot_infection_rate_rt: no visible binding for global variable 'time'
plot_infection_rate_rt: no visible binding for global variable 'value'
plot_infection_rate_rt: no visible binding for global variable 'y_lead'
plot_infection_rate_rt: no visible binding for global variable 'y_lag'
plot_infection_rate_rt: no visible binding for global variable 't_lead'
plot_infection_rate_rt: no visible binding for global variable 't_lag'
plot_infection_rate_rt: no visible binding for global variable
  'variable'
plot_infection_rate_rt: no visible binding for global variable 'S'
plot_infection_rate_rt: no visible binding for global variable 'rate'
plot_infection_rate_rt: no visible binding for global variable
  'Rt_scaled'
plot_mf: no visible binding for global variable 'x'
plot_mf: no visible binding for global variable 'y'
plot_time_series : <anonymous>: no visible binding for global variable
  'time'
plot_time_series : <anonymous>: no visible binding for global variable
  'value'
rank_sum_ratio: no visible binding for global variable 'RSR'
rank_sum_ratio: no visible binding for global variable 'ID'
rank_sum_ratio: no visible binding for global variable 'barR'
rank_sum_ratio: no visible binding for global variable 'f'
rank_sum_ratio: no visible binding for global variable 'barRn'
read_nbs: no visible binding for global variable 'region'
theil0_g: no visible binding for global variable 'p'
theil0_g: no visible binding for global variable 'yp'
theil_g: no visible binding for global variable 'yp'
theil_g2_cross: no visible binding for global variable 'p'
theil_g2_cross: no visible binding for global variable 'yp'
theil_g2_nest: no visible binding for global variable 'p'
theil_g2_nest: no visible binding for global variable 'yp'
Undefined global functions or variables:
  := ID RSR Rt_scaled S barR barRn compartment f label p rate region s
  t_lag t_lead time value variable x y y_lag y_lead yp
Consider adding
  importFrom("stats", "time")
to your NAMESPACE file.
* checking Rd files ... OK
* checking Rd metadata ... OK
* checking Rd cross-references ... OK
* checking for missing documentation entries ... OK
* checking for code/documentation mismatches ... OK
* checking Rd \usage sections ... WARNING
Undocumented arguments in Rd file 'DEA.Rd'
  'period' 'type1' 'type2'
Documented arguments not in \usage in Rd file 'DEA.Rd':
  'x0' 'y0'

Functions with \usage entries need to have the appropriate \alias
entries, and all their arguments documented.
The \usage entries must correspond to syntactically valid R code.
See chapter 'Writing R documentation files' in the 'Writing R
Extensions' manual.
* checking Rd contents ... OK
* checking for unstated dependencies in examples ... OK
* checking contents of 'data' directory ... OK
* checking data for non-ASCII characters ... OK
* checking LazyData ... OK
* checking data for ASCII and uncompressed saves ... OK
* checking files in 'vignettes' ... WARNING
Files in the 'vignettes' directory but no files in 'inst/doc':
  'welcome.R' 'welcome.Rmd' 'welcome.html'
  'welcome_files/libs/bootstrap/bootstrap-efbb37e9afcc02144ebbc7afd12a776f.min.css'
  'welcome_files/libs/bootstrap/bootstrap-icons.css'
  'welcome_files/libs/bootstrap/bootstrap-icons.woff'
  'welcome_files/libs/bootstrap/bootstrap.min.js'
  'welcome_files/libs/clipboard/clipboard.min.js'
  'welcome_files/libs/quarto-html/anchor.min.js'
  'welcome_files/libs/quarto-html/popper.min.js'
  'welcome_files/libs/quarto-html/quarto-syntax-highlighting-7f8f88aac4f3542376d5c11b86a4c14d.css'
  'welcome_files/libs/quarto-html/quarto.js'
  'welcome_files/libs/quarto-html/tabsets/tabsets.js'
  'welcome_files/libs/quarto-html/tippy.css'
  'welcome_files/libs/quarto-html/tippy.umd.min.js'
* checking examples ... OK
* checking for unstated dependencies in 'tests' ... OK
* checking tests ... SKIPPED
* checking for unstated dependencies in vignettes ... OK
* checking package vignettes ... WARNING
Directory 'inst/doc' does not exist.
Package vignette without corresponding single PDF/HTML:
  'welcome.Rmd'
* checking running R code from vignettes ... SKIPPED
* checking re-building of vignette outputs ... SKIPPED
* DONE
Status: 4 WARNINGs, 4 NOTEs
